<?xml version="1.0" encoding="UTF-8"?>
<!-- Generated by org.testng.reporters.JUnitReportReporter -->
<testsuite hostname="DESKTOP-NQ3G7C1" failures="0" tests="4" name="test.SwagLabLoginTest" time="78.360" errors="0" timestamp="2023-09-11T01:14:33 IST" skipped="0">
  <testcase classname="test.SwagLabLoginTest" name="logInWithValidStandardUser" time="5.172"/>
  <testcase classname="test.SwagLabLoginTest" name="logInWithLockedOutUser" time="57.292"/>
  <testcase classname="test.SwagLabLoginTest" name="logInWithProblemUser" time="5.601"/>
  <testcase classname="test.SwagLabLoginTest" name="logInWithPerformanceGlitchUser" time="10.295"/>
</testsuite> <!-- test.SwagLabLoginTest -->
