<?xml version="1.0" encoding="UTF-8"?>
<!-- Generated by org.testng.reporters.JUnitReportReporter -->
<testsuite hostname="DESKTOP-NQ3G7C1" failures="0" tests="1" name="test.LogOutTest" time="6.529" errors="0" timestamp="2023-09-11T01:14:32 IST" skipped="0">
  <testcase classname="test.LogOutTest" name="verifyTheWorkingOfLogout" time="6.529"/>
</testsuite> <!-- test.LogOutTest -->
