<?xml version="1.0" encoding="UTF-8"?>
<!-- Generated by org.testng.reporters.JUnitReportReporter -->
<testsuite hostname="DESKTOP-NQ3G7C1" failures="0" tests="5" name="test.OverviewTest" time="32.526" errors="0" timestamp="2023-09-11T01:14:33 IST" skipped="0">
  <testcase classname="test.OverviewTest" name="verifyTheCheckoutOverivewPageWithFinishButton" time="6.253"/>
  <testcase classname="test.OverviewTest" name="verifyTheCheckoutOverviewPageWithBackHomeButton" time="6.657"/>
  <testcase classname="test.OverviewTest" name="verifyTheProductPrice" time="6.304"/>
  <testcase classname="test.OverviewTest" name="verifyIteamTotalWithAdditionOfProductPrice" time="6.521"/>
  <testcase classname="test.OverviewTest" name="verifySumofIteamTotalAndTaxWithTotalPrice" time="6.791"/>
</testsuite> <!-- test.OverviewTest -->
