<?xml version="1.0" encoding="UTF-8"?>
<!-- Generated by org.testng.reporters.JUnitReportReporter -->
<testsuite hostname="DESKTOP-NQ3G7C1" failures="0" tests="4" name="test.FooterTest" time="37.108" errors="0" timestamp="2023-09-11T01:14:32 IST" skipped="0">
  <testcase classname="test.FooterTest" name="verifyTheWorkingOfFacebook" time="10.362"/>
  <testcase classname="test.FooterTest" name="verifyTheWorkingOfTwitter" time="11.648"/>
  <testcase classname="test.FooterTest" name="verifyTheWorkingOfLinkedin" time="8.888"/>
  <testcase classname="test.FooterTest" name="verifyThetextOfFooter" time="6.210"/>
</testsuite> <!-- test.FooterTest -->
