<?xml version="1.0" encoding="UTF-8"?>
<!-- Generated by org.testng.reporters.JUnitReportReporter -->
<testsuite hostname="DESKTOP-NQ3G7C1" failures="0" tests="11" name="test.AddToCartTest" time="73.170" errors="0" timestamp="2023-09-11T01:14:32 IST" skipped="0">
  <testcase classname="test.AddToCartTest" name="verifyTheClickOnAddToCart" time="5.152"/>
  <testcase classname="test.AddToCartTest" name="verifyTheClickOncart" time="5.434"/>
  <testcase classname="test.AddToCartTest" name="verifyTheClickOnRemoveButton" time="5.537"/>
  <testcase classname="test.AddToCartTest" name="verifyRemoveProductFromProductDetailsPage" time="5.924"/>
  <testcase classname="test.AddToCartTest" name="verifyClickOnContinueShoppingButton" time="7.674"/>
  <testcase classname="test.AddToCartTest" name="verifyClickOnCheckoutButton" time="7.481"/>
  <testcase classname="test.AddToCartTest" name="verifyAddProductFromProductDetailsPage" time="9.222"/>
  <testcase classname="test.AddToCartTest" name="verifyClickOnProductNameFromCart" time="6.880"/>
  <testcase classname="test.AddToCartTest" name="addMultipleProductsInCart" time="7.254"/>
  <testcase classname="test.AddToCartTest" name="verifyProductNameOFProductPageWithCartPage" time="7.018"/>
  <testcase classname="test.AddToCartTest" name="verifyTheProductPrice" time="5.594"/>
</testsuite> <!-- test.AddToCartTest -->
