<?xml version="1.0" encoding="UTF-8"?>
<!-- Generated by org.testng.reporters.JUnitReportReporter -->
<testsuite hostname="DESKTOP-NQ3G7C1" failures="0" tests="1" name="test.EndToEndTest" time="6.668" errors="0" timestamp="2023-09-11T01:14:33 IST" skipped="0">
  <testcase classname="test.EndToEndTest" name="verifyTheCoustomerAbleToPlaceOrderSuccessuflly" time="6.668"/>
</testsuite> <!-- test.EndToEndTest -->
