<?xml version="1.0" encoding="UTF-8"?>
<!-- Generated by org.testng.reporters.JUnitReportReporter -->
<testsuite hostname="DESKTOP-NQ3G7C1" failures="0" tests="9" name="test.ProductPageTest" time="49.844" errors="0" timestamp="2023-09-11T01:14:32 IST" skipped="0">
  <testcase classname="test.ProductPageTest" name="verifyTheProductImage" time="4.631"/>
  <testcase classname="test.ProductPageTest" name="verifyTheProductNameLink" time="5.618"/>
  <testcase classname="test.ProductPageTest" name="verifyTheProductsList" time="6.221"/>
  <testcase classname="test.ProductPageTest" name="verifyTheMouseOverTheProductName" time="5.541"/>
  <testcase classname="test.ProductPageTest" name="verifyTheClickOnAddToCart" time="5.384"/>
  <testcase classname="test.ProductPageTest" name="verifyTheClickOnFilterAtoZ" time="5.581"/>
  <testcase classname="test.ProductPageTest" name="verifyTheClickOnFilterZtoA" time="5.625"/>
  <testcase classname="test.ProductPageTest" name="verifyTheClickOnFilterLowToHigh" time="5.771"/>
  <testcase classname="test.ProductPageTest" name="verifyTheClickOnFilterHighToLow" time="5.472"/>
</testsuite> <!-- test.ProductPageTest -->
